<?xml version="1.0" encoding="UTF-8"?>
<!-- Generated by org.testng.reporters.JUnitXMLReporter -->
<testsuite ignored="0" hostname="Ameet" failures="8" tests="8" name="Test" time="10.043" errors="0" timestamp="2025-01-20T13:05:16 IST">
  <testcase classname="testcases.RestAssured_TestCases_PL1" name="getAllDepartmentsTest" time="0.317">
    <failure type="java.lang.AssertionError" message="getAllDepartments must be implemented using Rest Assured methods only. expected [true] but found [false]">
      <![CDATA[java.lang.AssertionError: getAllDepartments must be implemented using Rest Assured methods only. expected [true] but found [false]
at testcases.RestAssured_TestCases_PL1.getAllDepartmentsTest(RestAssured_TestCases_PL1.java:39)
at java.base/java.util.concurrent.ThreadPoolExecutor.runWorker(ThreadPoolExecutor.java:1136)
at java.base/java.util.concurrent.ThreadPoolExecutor$Worker.run(ThreadPoolExecutor.java:635)
at java.base/java.lang.Thread.run(Thread.java:833)
... Removed 15 stack frames]]>
    </failure>
  </testcase> <!-- getAllDepartmentsTest -->
  <testcase classname="testcases.RestAssured_TestCases_PL1" name="getAllItemsTest" time="0.011">
    <failure type="java.lang.AssertionError" message="getAllItems must be implemented using Rest Assured methods only. expected [true] but found [false]">
      <![CDATA[java.lang.AssertionError: getAllItems must be implemented using Rest Assured methods only. expected [true] but found [false]
at testcases.RestAssured_TestCases_PL1.getAllItemsTest(RestAssured_TestCases_PL1.java:85)
at java.base/java.util.concurrent.ThreadPoolExecutor.runWorker(ThreadPoolExecutor.java:1136)
at java.base/java.util.concurrent.ThreadPoolExecutor$Worker.run(ThreadPoolExecutor.java:635)
at java.base/java.lang.Thread.run(Thread.java:833)
... Removed 15 stack frames]]>
    </failure>
  </testcase> <!-- getAllItemsTest -->
  <testcase classname="testcases.RestAssured_TestCases_PL1" name="getIncentiveSummary" time="4.939">
    <failure type="java.lang.AssertionError" message="Status code should be 200 OK. expected [200] but found [0]">
      <![CDATA[java.lang.AssertionError: Status code should be 200 OK. expected [200] but found [0]
at testcases.RestAssured_TestCases_PL1.getIncentiveSummary(RestAssured_TestCases_PL1.java:137)
at java.base/java.util.concurrent.ThreadPoolExecutor.runWorker(ThreadPoolExecutor.java:1136)
at java.base/java.util.concurrent.ThreadPoolExecutor$Worker.run(ThreadPoolExecutor.java:635)
at java.base/java.lang.Thread.run(Thread.java:833)
... Removed 18 stack frames]]>
    </failure>
  </testcase> <!-- getIncentiveSummary -->
  <testcase classname="testcases.RestAssured_TestCases_PL1" name="getIncentiveReffSummary" time="0.146">
    <failure type="java.lang.AssertionError" message="getIncentiveReffSummary must be implemented using Rest Assured methods only. expected [true] but found [false]">
      <![CDATA[java.lang.AssertionError: getIncentiveReffSummary must be implemented using Rest Assured methods only. expected [true] but found [false]
at testcases.RestAssured_TestCases_PL1.getIncentiveReffSummary(RestAssured_TestCases_PL1.java:174)
at java.base/java.util.concurrent.ThreadPoolExecutor.runWorker(ThreadPoolExecutor.java:1136)
at java.base/java.util.concurrent.ThreadPoolExecutor$Worker.run(ThreadPoolExecutor.java:635)
at java.base/java.lang.Thread.run(Thread.java:833)
... Removed 15 stack frames]]>
    </failure>
  </testcase> <!-- getIncentiveReffSummary -->
  <testcase classname="testcases.RestAssured_TestCases_PL1" name="getHospitalIncomeIncReport" time="0.23">
    <failure type="java.lang.AssertionError" message="getHospIncIncReport must be implemented using Rest Assured methods only. expected [true] but found [false]">
      <![CDATA[java.lang.AssertionError: getHospIncIncReport must be implemented using Rest Assured methods only. expected [true] but found [false]
at testcases.RestAssured_TestCases_PL1.getHospitalIncomeIncReport(RestAssured_TestCases_PL1.java:247)
at java.base/java.util.concurrent.ThreadPoolExecutor.runWorker(ThreadPoolExecutor.java:1136)
at java.base/java.util.concurrent.ThreadPoolExecutor$Worker.run(ThreadPoolExecutor.java:635)
at java.base/java.lang.Thread.run(Thread.java:833)
... Removed 15 stack frames]]>
    </failure>
  </testcase> <!-- getHospitalIncomeIncReport -->
  <testcase classname="testcases.RestAssured_TestCases_PL1" name="getIncenEmpBillItems" time="0.099">
    <failure type="java.lang.AssertionError" message="getIncenEmpBillItems must be implemented using Rest Assured methods only. expected [true] but found [false]">
      <![CDATA[java.lang.AssertionError: getIncenEmpBillItems must be implemented using Rest Assured methods only. expected [true] but found [false]
at testcases.RestAssured_TestCases_PL1.getIncenEmpBillItems(RestAssured_TestCases_PL1.java:341)
at java.base/java.util.concurrent.ThreadPoolExecutor.runWorker(ThreadPoolExecutor.java:1136)
at java.base/java.util.concurrent.ThreadPoolExecutor$Worker.run(ThreadPoolExecutor.java:635)
at java.base/java.lang.Thread.run(Thread.java:833)
... Removed 15 stack frames]]>
    </failure>
  </testcase> <!-- getIncenEmpBillItems -->
  <testcase classname="testcases.RestAssured_TestCases_PL1" name="getInventoryFiscalYears" time="0.012">
    <failure type="java.lang.AssertionError" message="getInvntryFiscalYrs must be implemented using Rest Assured methods only. expected [true] but found [false]">
      <![CDATA[java.lang.AssertionError: getInvntryFiscalYrs must be implemented using Rest Assured methods only. expected [true] but found [false]
at testcases.RestAssured_TestCases_PL1.getInventoryFiscalYears(RestAssured_TestCases_PL1.java:402)
at java.base/java.util.concurrent.ThreadPoolExecutor.runWorker(ThreadPoolExecutor.java:1136)
at java.base/java.util.concurrent.ThreadPoolExecutor$Worker.run(ThreadPoolExecutor.java:635)
at java.base/java.lang.Thread.run(Thread.java:833)
... Removed 15 stack frames]]>
    </failure>
  </testcase> <!-- getInventoryFiscalYears -->
  <testcase classname="testcases.RestAssured_TestCases_PL1" name="activateInventory" time="0.007">
    <failure type="java.lang.AssertionError" message="getActInventory must be implemented using Rest Assured methods only. expected [true] but found [false]">
      <![CDATA[java.lang.AssertionError: getActInventory must be implemented using Rest Assured methods only. expected [true] but found [false]
at testcases.RestAssured_TestCases_PL1.activateInventory(RestAssured_TestCases_PL1.java:452)
at java.base/java.util.concurrent.ThreadPoolExecutor.runWorker(ThreadPoolExecutor.java:1136)
at java.base/java.util.concurrent.ThreadPoolExecutor$Worker.run(ThreadPoolExecutor.java:635)
at java.base/java.lang.Thread.run(Thread.java:833)
... Removed 15 stack frames]]>
    </failure>
  </testcase> <!-- activateInventory -->
</testsuite> <!-- Test -->
